/root/projects/zentro-appv2/env/lib/python3.12/site-packages/requests/__init__.py:113: RequestsDependencyWarning: urllib3 (2.3.0) or chardet (7.4.3)/charset_normalizer (3.4.1) doesn't match a supported version!
  warnings.warn(
[2026-07-15 17:13:41,440: INFO/MainProcess] beat: Starting...
[2026-07-16 02:00:00,878: INFO/MainProcess] Scheduler: Sending due task database-backup-daily-utc (base.tasks.database_backup_task)
[2026-07-16 04:00:18,118: INFO/MainProcess] Scheduler: Sending due task celery.backend_cleanup (celery.backend_cleanup)
/root/projects/zentro-appv2/env/lib/python3.12/site-packages/requests/__init__.py:113: RequestsDependencyWarning: urllib3 (2.3.0) or chardet (7.4.3)/charset_normalizer (3.4.1) doesn't match a supported version!
  warnings.warn(
[2026-07-16 06:27:41,869: INFO/MainProcess] beat: Starting...
/root/projects/zentro-appv2/env/lib/python3.12/site-packages/requests/__init__.py:113: RequestsDependencyWarning: urllib3 (2.3.0) or chardet (7.4.3)/charset_normalizer (3.4.1) doesn't match a supported version!
  warnings.warn(
[2026-07-16 08:10:32,465: INFO/MainProcess] beat: Starting...
/root/projects/zentro-appv2/env/lib/python3.12/site-packages/requests/__init__.py:113: RequestsDependencyWarning: urllib3 (2.3.0) or chardet (7.4.3)/charset_normalizer (3.4.1) doesn't match a supported version!
  warnings.warn(
[2026-07-16 09:20:15,948: INFO/MainProcess] beat: Starting...
/root/projects/zentro-appv2/env/lib/python3.12/site-packages/requests/__init__.py:113: RequestsDependencyWarning: urllib3 (2.3.0) or chardet (7.4.3)/charset_normalizer (3.4.1) doesn't match a supported version!
  warnings.warn(
[2026-07-16 20:43:12,966: INFO/MainProcess] beat: Starting...
[2026-07-17 02:00:00,804: INFO/MainProcess] Scheduler: Sending due task database-backup-daily-utc (base.tasks.database_backup_task)
[2026-07-17 04:00:00,011: INFO/MainProcess] Scheduler: Sending due task celery.backend_cleanup (celery.backend_cleanup)
[2026-07-18 02:00:00,098: INFO/MainProcess] Scheduler: Sending due task database-backup-daily-utc (base.tasks.database_backup_task)
[2026-07-18 04:00:00,000: INFO/MainProcess] Scheduler: Sending due task celery.backend_cleanup (celery.backend_cleanup)
[2026-07-19 02:00:00,000: INFO/MainProcess] Scheduler: Sending due task database-backup-daily-utc (base.tasks.database_backup_task)
[2026-07-19 03:00:00,001: INFO/MainProcess] Scheduler: Sending due task database-backup-weekly-utc (base.tasks.database_backup_task)
[2026-07-19 04:00:00,000: INFO/MainProcess] Scheduler: Sending due task celery.backend_cleanup (celery.backend_cleanup)
/root/projects/zentro-appv2/env/lib/python3.12/site-packages/requests/__init__.py:113: RequestsDependencyWarning: urllib3 (2.3.0) or chardet (7.4.3)/charset_normalizer (3.4.1) doesn't match a supported version!
  warnings.warn(
[2026-07-19 08:23:43,739: INFO/MainProcess] beat: Starting...
/root/projects/zentro-appv2/env/lib/python3.12/site-packages/requests/__init__.py:113: RequestsDependencyWarning: urllib3 (2.3.0) or chardet (7.4.3)/charset_normalizer (3.4.1) doesn't match a supported version!
  warnings.warn(
[2026-07-19 13:56:54,315: INFO/MainProcess] beat: Starting...
/root/projects/zentro-appv2/env/lib/python3.12/site-packages/requests/__init__.py:113: RequestsDependencyWarning: urllib3 (2.3.0) or chardet (7.4.3)/charset_normalizer (3.4.1) doesn't match a supported version!
  warnings.warn(
[2026-07-19 16:46:20,535: INFO/MainProcess] beat: Starting...
/root/projects/zentro-appv2/env/lib/python3.12/site-packages/requests/__init__.py:113: RequestsDependencyWarning: urllib3 (2.3.0) or chardet (7.4.3)/charset_normalizer (3.4.1) doesn't match a supported version!
  warnings.warn(
[2026-07-20 20:10:15,033: INFO/MainProcess] beat: Starting...
